# JRE version: Java(TM) SE Runtime Environment (10.0.2+13) (build 10.0.2+13)
# Java VM: Java HotSpot(TM) 64-Bit Server VM (10.0.2+13, mixed mode, tiered, compressed oops, g1 gc, windows-amd64)
Heap:
 garbage-first heap   total 232448K, used 217457K [0x00000000e1600000, 0x0000000100000000)
  region size 1024K, 7 young (7168K), 3 survivors (3072K)
 Metaspace       used 128162K, capacity 132396K, committed 132736K, reserved 1167360K
  class space    used 13420K, capacity 14949K, committed 14976K, reserved 1048576K
GC Heap History (10 events):
Event: 281.794 GC heap before
{Heap before GC invocations=250 (full 0):
 garbage-first heap   total 217088K, used 187223K [0x00000000e1600000, 0x0000000100000000)
  region size 1024K, 17 young (17408K), 1 survivors (1024K)
 Metaspace       used 127655K, capacity 132068K, committed 132480K, reserved 1167360K
  class space    used 13398K, capacity 14882K, committed 14976K, reserved 1048576K
}
Event: 281.802 GC heap after
{Heap after GC invocations=251 (full 0):
 garbage-first heap   total 217088K, used 170833K [0x00000000e1600000, 0x0000000100000000)
  region size 1024K, 1 young (1024K), 1 survivors (1024K)
 Metaspace       used 127655K, capacity 132068K, committed 132480K, reserved 1167360K
  class space    used 13398K, capacity 14882K, committed 14976K, reserved 1048576K
}
Event: 282.096 GC heap before
{Heap before GC invocations=251 (full 0):
 garbage-first heap   total 217088K, used 188241K [0x00000000e1600000, 0x0000000100000000)
  region size 1024K, 18 young (18432K), 1 survivors (1024K)
 Metaspace       used 127655K, capacity 132068K, committed 132480K, reserved 1167360K
  class space    used 13398K, capacity 14882K, committed 14976K, reserved 1048576K
}
Event: 282.106 GC heap after
{Heap after GC invocations=252 (full 0):
 garbage-first heap   total 217088K, used 170824K [0x00000000e1600000, 0x0000000100000000)
  region size 1024K, 1 young (1024K), 1 survivors (1024K)
 Metaspace       used 127655K, capacity 132068K, committed 132480K, reserved 1167360K
  class space    used 13398K, capacity 14882K, committed 14976K, reserved 1048576K
}
Event: 282.953 GC heap before
{Heap before GC invocations=253 (full 0):
 garbage-first heap   total 217088K, used 189256K [0x00000000e1600000, 0x0000000100000000)
  region size 1024K, 18 young (18432K), 1 survivors (1024K)
 Metaspace       used 127694K, capacity 132068K, committed 132480K, reserved 1167360K
  class space    used 13399K, capacity 14882K, committed 14976K, reserved 1048576K
}
Event: 282.963 GC heap after
{Heap after GC invocations=254 (full 0):
 garbage-first heap   total 217088K, used 171980K [0x00000000e1600000, 0x0000000100000000)
  region size 1024K, 2 young (2048K), 2 survivors (2048K)
 Metaspace       used 127694K, capacity 132068K, committed 132480K, reserved 1167360K
  class space    used 13399K, capacity 14882K, committed 14976K, reserved 1048576K
}
Event: 283.066 GC heap before
{Heap before GC invocations=254 (full 0):
 garbage-first heap   total 217088K, used 180172K [0x00000000e1600000, 0x0000000100000000)
  region size 1024K, 10 young (10240K), 2 survivors (2048K)
 Metaspace       used 127694K, capacity 132068K, committed 132480K, reserved 1167360K
  class space    used 13399K, capacity 14882K, committed 14976K, reserved 1048576K
}
Event: 283.081 GC heap after
{Heap after GC invocations=255 (full 0):
 garbage-first heap   total 217088K, used 165493K [0x00000000e1600000, 0x0000000100000000)
  region size 1024K, 1 young (1024K), 1 survivors (1024K)
 Metaspace       used 127694K, capacity 132068K, committed 132480K, reserved 1167360K
  class space    used 13399K, capacity 14882K, committed 14976K, reserved 1048576K
}
Event: 285.049 GC heap before
{Heap before GC invocations=255 (full 0):
 garbage-first heap   total 217088K, used 198261K [0x00000000e1600000, 0x0000000100000000)
  region size 1024K, 20 young (20480K), 1 survivors (1024K)
 Metaspace       used 127854K, capacity 132202K, committed 132480K, reserved 1167360K
  class space    used 13400K, capacity 14883K, committed 14976K, reserved 1048576K
}
Event: 285.074 GC heap after
{Heap after GC invocations=256 (full 0):
 garbage-first heap   total 217088K, used 180593K [0x00000000e1600000, 0x0000000100000000)
  region size 1024K, 3 young (3072K), 3 survivors (3072K)
 Metaspace       used 127854K, capacity 132202K, committed 132480K, reserved 1167360K
  class space    used 13400K, capacity 14883K, committed 14976K, reserved 1048576K
}

